[2024-05-26 08:31:19] [WARNING]: 账号密码未配置, 将使用二维码登录. 
[2024-05-26 08:31:19] [WARNING]: 将在 5秒 后继续. 
[2024-05-26 08:31:24] [WARNING]: 虚拟设备信息不存在, 将自动生成随机设备. 
[2024-05-26 08:31:25] [WARNING]: no usable sign server 
[2024-05-26 08:31:25] [WARNING]: 警告: 未配置签名服务器或签名服务器不可用, 这可能会导致登录 45 错误码或发送消息被风控 
[2024-05-26 08:31:30] [WARNING]: 当前协议不支持二维码登录, 请配置账号密码登录. 
[2024-05-26 08:36:31] [WARNING]: no usable sign server 
[2024-05-26 08:36:31] [WARNING]: 警告: 未配置签名服务器或签名服务器不可用, 这可能会导致登录 45 错误码或发送消息被风控 
[2024-05-26 08:36:36] [WARNING]: 登录需要滑条验证码, 请验证后重试. 
[2024-05-26 08:36:36] [WARNING]: 请选择提交滑块ticket方式: 
[2024-05-26 08:36:36] [WARNING]: 1. 自动提交 
[2024-05-26 08:36:36] [WARNING]: 2. 手动抓取提交 
[2024-05-26 08:36:36] [WARNING]: 请输入(1 - 2)： 
[2024-05-26 08:36:41] [WARNING]: 请前往该地址验证 -> https://ti.qq.com/safe/tools/captcha/sms-verify-login?aid=16&uin=2456248819&sid=7076144989097591829&cap_cd=IdSj2J_a_0fPmQUYoj0p6BeOkZUJmbVTly6zXEaPYpU99ydb_uAGUQ**&clientype=1&apptype=2  
[2024-05-26 08:37:18] [WARNING]: no usable sign server 
[2024-05-26 08:37:18] [WARNING]: 警告: 未配置签名服务器或签名服务器不可用, 这可能会导致登录 45 错误码或发送消息被风控 
[2024-05-26 08:37:23] [WARNING]: 登录需要滑条验证码, 请验证后重试. 
[2024-05-26 08:37:23] [WARNING]: 请选择提交滑块ticket方式: 
[2024-05-26 08:37:23] [WARNING]: 1. 自动提交 
[2024-05-26 08:37:23] [WARNING]: 2. 手动抓取提交 
[2024-05-26 08:37:23] [WARNING]: 请输入(1 - 2)： 
[2024-05-26 08:37:29] [WARNING]: 请前往该地址验证 -> https://ti.qq.com/safe/tools/captcha/sms-verify-login?aid=16&uin=2456248819&sid=8121451642812007492&cap_cd=nTjvLB03VEpbMrjdKKq7KBtQtYFGkaGVTBaTsvOKFBPjraVyZNmtFA**&clientype=1&apptype=2  
[2024-05-26 08:37:29] [WARNING]: 请输入ticket： (Enter 提交) 
[2024-05-26 08:38:10] [WARNING]: no usable sign server 
[2024-05-26 08:38:10] [WARNING]: 警告: 未配置签名服务器或签名服务器不可用, 这可能会导致登录 45 错误码或发送消息被风控 
[2024-05-26 08:38:15] [WARNING]: 登录需要滑条验证码, 请验证后重试. 
[2024-05-26 08:38:15] [WARNING]: 请选择提交滑块ticket方式: 
[2024-05-26 08:38:15] [WARNING]: 1. 自动提交 
[2024-05-26 08:38:15] [WARNING]: 2. 手动抓取提交 
[2024-05-26 08:38:15] [WARNING]: 请输入(1 - 2)： 
[2024-05-26 08:38:17] [WARNING]: 请前往该地址验证 -> https://ti.qq.com/safe/tools/captcha/sms-verify-login?aid=16&uin=2456248819&sid=5079841544216937592&cap_cd=Tn5X9BEppSRv4mEu6h0CCktwUndjp2KiiGa8lfnNyDrxgOCCgYOufw**&clientype=1&apptype=2  
[2024-05-26 08:40:39] [WARNING]: no usable sign server 
[2024-05-26 08:40:39] [WARNING]: 警告: 未配置签名服务器或签名服务器不可用, 这可能会导致登录 45 错误码或发送消息被风控 
[2024-05-26 08:40:45] [WARNING]: 登录需要滑条验证码, 请验证后重试. 
[2024-05-26 08:40:45] [WARNING]: 请选择提交滑块ticket方式: 
[2024-05-26 08:40:45] [WARNING]: 1. 自动提交 
[2024-05-26 08:40:45] [WARNING]: 2. 手动抓取提交 
[2024-05-26 08:40:45] [WARNING]: 请输入(1 - 2)： 
[2024-05-26 08:40:47] [WARNING]: 请前往该地址验证 -> https://ti.qq.com/safe/tools/captcha/sms-verify-login?aid=16&uin=2456248819&sid=11678241132807437&cap_cd=avYOG5fGTFg2KLfb7Skw5wqdmnB4ctbWS1pGe_Pql6uYjhODda3dxQ**&clientype=1&apptype=2  
[2024-05-26 08:40:47] [WARNING]: 请输入ticket： (Enter 提交) 
[2024-05-26 08:44:20] [WARNING]: no usable sign server 
[2024-05-26 08:44:20] [WARNING]: 警告: 未配置签名服务器或签名服务器不可用, 这可能会导致登录 45 错误码或发送消息被风控 
[2024-05-26 08:44:26] [WARNING]: 登录需要滑条验证码, 请验证后重试. 
[2024-05-26 08:44:26] [WARNING]: 请选择提交滑块ticket方式: 
[2024-05-26 08:44:26] [WARNING]: 1. 自动提交 
[2024-05-26 08:44:26] [WARNING]: 2. 手动抓取提交 
[2024-05-26 08:44:26] [WARNING]: 请输入(1 - 2)： 
[2024-05-26 08:44:30] [WARNING]: 请前往该地址验证 -> https://ti.qq.com/safe/tools/captcha/sms-verify-login?aid=16&uin=2456248819&sid=3779104767273502186&cap_cd=pXqz7hP4IxgLMsC1-oUrIUuW3kWJev4EElles-kli2zSAL2qTmwqbw**&clientype=1&apptype=2  
[2024-05-26 08:44:30] [WARNING]: 请输入ticket： (Enter 提交) 
[2024-05-26 08:45:04] [WARNING]: 登录失败: 当前网络不稳定，登录失败。推荐使用常用设备或通过手机号登录。 Code: 237 
[2024-05-26 08:45:04] [WARNING]: 登录过于频繁, 请在手机QQ登录并根据提示完成认证后等一段时间重试 
[2024-05-26 08:50:38] [WARNING]: no usable sign server 
[2024-05-26 08:50:38] [WARNING]: 警告: 未配置签名服务器或签名服务器不可用, 这可能会导致登录 45 错误码或发送消息被风控 
[2024-05-26 08:50:43] [WARNING]: 登录需要滑条验证码, 请验证后重试. 
[2024-05-26 08:50:43] [WARNING]: 请选择提交滑块ticket方式: 
[2024-05-26 08:50:43] [WARNING]: 1. 自动提交 
[2024-05-26 08:50:43] [WARNING]: 2. 手动抓取提交 
[2024-05-26 08:50:43] [WARNING]: 请输入(1 - 2)： 
[2024-05-26 08:50:49] [WARNING]: 请前往该地址验证 -> https://ti.qq.com/safe/tools/captcha/sms-verify-login?aid=16&uin=2456248819&sid=2430623183952578403&cap_cd=OY7S5wXb3_lqRY2fIm6UAVx49RNfztMlTh0KwGf0gMHTn6vr0SRmYA**&clientype=1&apptype=2  
[2024-05-26 08:50:49] [WARNING]: 请输入ticket： (Enter 提交) 
[2024-05-26 08:51:28] [WARNING]: 登录失败: 抱歉版本过低，无法提供服务。更快更稳定的全新版本已来，快访问 im.qq.com 或应用商店升级。 Code: 252 
[2024-05-26 08:59:48] [WARNING]: no usable sign server 
[2024-05-26 08:59:48] [WARNING]: 警告: 未配置签名服务器或签名服务器不可用, 这可能会导致登录 45 错误码或发送消息被风控 
[2024-05-26 08:59:54] [WARNING]: 检查协议更新失败: Get "https://ghproxy.com/https://raw.githubusercontent.com/RomiChan/protocol-versions/master/android_pad.json": read tcp 192.168.3.168:53343->138.2.247.15:443: wsarecv: An existing connection was forcibly closed by the remote host. 
[2024-05-26 08:59:54] [WARNING]: 登录需要滑条验证码, 请验证后重试. 
[2024-05-26 08:59:54] [WARNING]: 请选择提交滑块ticket方式: 
[2024-05-26 08:59:54] [WARNING]: 1. 自动提交 
[2024-05-26 08:59:54] [WARNING]: 2. 手动抓取提交 
[2024-05-26 08:59:54] [WARNING]: 请输入(1 - 2)： 
[2024-05-26 08:59:59] [WARNING]: 请前往该地址验证 -> https://ti.qq.com/safe/tools/captcha/sms-verify-login?aid=16&uin=2456248819&sid=7214597421707463050&cap_cd=Zz3K4kFa59WikfyOispP_9OhhzfAW2Xnb4ZCg2xQ5cJ_QyyWTaeMLQ**&clientype=1&apptype=2  
[2024-05-26 08:59:59] [WARNING]: 请输入ticket： (Enter 提交) 
[2024-05-26 09:00:18] [WARNING]: 登录失败: 登录失败，请前往QQ官网im.qq.com下载最新版QQ后重试，或通过问题反馈与我们联系。 Code: 45 
[2024-05-26 09:00:18] [WARNING]: 你的账号被限制登录, 请配置 SignServer 后重试 
[2024-05-26 09:05:24] [WARNING]: 签名服务器 http://server.kaivps.cloud:18651 可能不可用，请求出现错误：Get "http://server.kaivps.cloud:18651": dial tcp: lookup server.kaivps.cloud: no such host 
[2024-05-26 09:05:27] [WARNING]: 签名服务器 https://qsign.pueh.cc 可能不可用，请求出现错误：Get "https://qsign.pueh.cc": context deadline exceeded (Client.Timeout exceeded while awaiting headers) 
[2024-05-26 09:05:27] [WARNING]: no usable sign server 
[2024-05-26 09:05:27] [WARNING]: 警告: 未配置签名服务器或签名服务器不可用, 这可能会导致登录 45 错误码或发送消息被风控 
[2024-05-26 09:05:32] [WARNING]: 检查协议更新失败: Get "https://ghproxy.com/https://raw.githubusercontent.com/RomiChan/protocol-versions/master/android_pad.json": read tcp 192.168.3.168:53948->138.2.247.15:443: wsarecv: An existing connection was forcibly closed by the remote host. 
[2024-05-26 09:05:33] [WARNING]: 登录需要滑条验证码, 请验证后重试. 
[2024-05-26 09:05:33] [WARNING]: 请选择提交滑块ticket方式: 
[2024-05-26 09:05:33] [WARNING]: 1. 自动提交 
[2024-05-26 09:05:33] [WARNING]: 2. 手动抓取提交 
[2024-05-26 09:05:33] [WARNING]: 请输入(1 - 2)： 
[2024-05-26 09:07:33] [WARNING]: 签名服务器 127.0.0.1:8080 可能不可用，请求出现错误：parse "127.0.0.1:8080": first path segment in URL cannot contain colon 
[2024-05-26 09:07:36] [WARNING]: 签名服务器 https://qsign.pueh.cc 可能不可用，请求出现错误：Get "https://qsign.pueh.cc": context deadline exceeded (Client.Timeout exceeded while awaiting headers) 
[2024-05-26 09:07:36] [WARNING]: no usable sign server 
[2024-05-26 09:07:36] [WARNING]: 警告: 未配置签名服务器或签名服务器不可用, 这可能会导致登录 45 错误码或发送消息被风控 
[2024-05-26 09:07:42] [WARNING]: 检查协议更新失败: Get "https://ghproxy.com/https://raw.githubusercontent.com/RomiChan/protocol-versions/master/android_pad.json": read tcp 192.168.3.168:54184->139.185.37.214:443: wsarecv: An existing connection was forcibly closed by the remote host. 
[2024-05-26 09:07:42] [WARNING]: 登录需要滑条验证码, 请验证后重试. 
[2024-05-26 09:07:42] [WARNING]: 请选择提交滑块ticket方式: 
[2024-05-26 09:07:42] [WARNING]: 1. 自动提交 
[2024-05-26 09:07:42] [WARNING]: 2. 手动抓取提交 
[2024-05-26 09:07:42] [WARNING]: 请输入(1 - 2)： 
